<?xml version="1.0" encoding="UTF-8"?>
<coverage generated="1647528212157" clover="3.2.0">
  <project timestamp="1647528212157" name="All files">
    <metrics statements="57" coveredstatements="47" conditionals="20" coveredconditionals="19" methods="14" coveredmethods="10" elements="91" coveredelements="76" complexity="0" loc="57" ncloc="57" packages="1" files="5" classes="5"/>
    <file name="config.js" path="/spotify-radio/server/config.js">
      <metrics statements="5" coveredstatements="5" conditionals="2" coveredconditionals="1" methods="0" coveredmethods="0"/>
      <line num="3" count="3" type="stmt"/>
      <line num="4" count="3" type="stmt"/>
      <line num="6" count="3" type="stmt"/>
      <line num="7" count="3" type="stmt"/>
      <line num="8" count="3" type="stmt"/>
    </file>
    <file name="controller.js" path="/spotify-radio/server/controller.js">
      <metrics statements="7" coveredstatements="2" conditionals="0" coveredconditionals="0" methods="4" coveredmethods="2"/>
      <line num="6" count="2" type="stmt"/>
      <line num="10" count="1" type="stmt"/>
      <line num="17" count="0" type="stmt"/>
      <line num="19" count="0" type="stmt"/>
      <line num="20" count="0" type="stmt"/>
      <line num="21" count="0" type="stmt"/>
      <line num="24" count="0" type="stmt"/>
    </file>
    <file name="routes.js" path="/spotify-radio/server/routes.js">
      <metrics statements="29" coveredstatements="29" conditionals="18" coveredconditionals="18" methods="4" coveredmethods="4"/>
      <line num="14" count="1" type="stmt"/>
      <line num="16" count="1" type="stmt"/>
      <line num="18" count="8" type="stmt"/>
      <line num="20" count="8" type="cond" truecount="4" falsecount="0"/>
      <line num="21" count="1" type="stmt"/>
      <line num="25" count="1" type="stmt"/>
      <line num="28" count="7" type="cond" truecount="4" falsecount="0"/>
      <line num="31" count="1" type="stmt"/>
      <line num="38" count="1" type="stmt"/>
      <line num="41" count="6" type="cond" truecount="4" falsecount="0"/>
      <line num="44" count="1" type="stmt"/>
      <line num="51" count="1" type="stmt"/>
      <line num="55" count="5" type="cond" truecount="2" falsecount="0"/>
      <line num="59" count="4" type="stmt"/>
      <line num="60" count="2" type="stmt"/>
      <line num="61" count="2" type="cond" truecount="2" falsecount="0"/>
      <line num="62" count="1" type="stmt"/>
      <line num="67" count="2" type="stmt"/>
      <line num="71" count="1" type="stmt"/>
      <line num="72" count="1" type="stmt"/>
      <line num="76" count="2" type="cond" truecount="2" falsecount="0"/>
      <line num="77" count="1" type="stmt"/>
      <line num="78" count="1" type="stmt"/>
      <line num="79" count="1" type="stmt"/>
      <line num="82" count="1" type="stmt"/>
      <line num="83" count="1" type="stmt"/>
      <line num="84" count="1" type="stmt"/>
      <line num="89" count="8" type="stmt"/>
      <line num="90" count="2" type="stmt"/>
    </file>
    <file name="service.js" path="/spotify-radio/server/service.js">
      <metrics statements="14" coveredstatements="9" conditionals="0" coveredconditionals="0" methods="6" coveredmethods="4"/>
      <line num="13" count="3" type="stmt"/>
      <line num="17" count="5" type="stmt"/>
      <line num="21" count="0" type="stmt"/>
      <line num="22" count="0" type="stmt"/>
      <line num="23" count="0" type="stmt"/>
      <line num="25" count="0" type="stmt"/>
      <line num="32" count="0" type="stmt"/>
      <line num="36" count="1" type="stmt"/>
      <line num="41" count="1" type="stmt"/>
      <line num="43" count="1" type="stmt"/>
      <line num="44" count="1" type="stmt"/>
      <line num="45" count="1" type="stmt"/>
      <line num="55" count="1" type="stmt"/>
      <line num="56" count="1" type="stmt"/>
    </file>
    <file name="util.js" path="/spotify-radio/server/util.js">
      <metrics statements="2" coveredstatements="2" conditionals="0" coveredconditionals="0" methods="0" coveredmethods="0"/>
      <line num="3" count="2" type="stmt"/>
      <line num="13" count="2" type="stmt"/>
    </file>
  </project>
</coverage>
