{"/spotify-radio/server/config.js": {"path":"/spotify-radio/server/config.js","statementMap":{"0":{"start":{"line":3,"column":19},"end":{"line":3,"column":58}},"1":{"start":{"line":4,"column":13},"end":{"line":4,"column":37}},"2":{"start":{"line":6,"column":23},"end":{"line":6,"column":43}},"3":{"start":{"line":7,"column":24},"end":{"line":7,"column":45}},"4":{"start":{"line":8,"column":23},"end":{"line":8,"column":52}}},"fnMap":{},"branchMap":{"0":{"loc":{"start":{"line":11,"column":8},"end":{"line":11,"column":32}},"type":"binary-expr","locations":[{"start":{"line":11,"column":8},"end":{"line":11,"column":24}},{"start":{"line":11,"column":28},"end":{"line":11,"column":32}}],"line":11}},"s":{"0":3,"1":3,"2":3,"3":3,"4":3},"f":{},"b":{"0":[3,0]},"_coverageSchema":"1a1c01bbd47fc00a2c39e90264f33305004495a9","hash":"83bc926f12db96483e4629d8ee430dd4004a5875"}
,"/spotify-radio/server/controller.js": {"path":"/spotify-radio/server/controller.js","statementMap":{"0":{"start":{"line":6,"column":4},"end":{"line":6,"column":32}},"1":{"start":{"line":10,"column":4},"end":{"line":10,"column":47}},"2":{"start":{"line":17,"column":8},"end":{"line":17,"column":41}},"3":{"start":{"line":19,"column":20},"end":{"line":22,"column":5}},"4":{"start":{"line":20,"column":6},"end":{"line":20,"column":48}},"5":{"start":{"line":21,"column":6},"end":{"line":21,"column":41}},"6":{"start":{"line":24,"column":4},"end":{"line":27,"column":5}}},"fnMap":{"0":{"name":"(anonymous_0)","decl":{"start":{"line":5,"column":2},"end":{"line":5,"column":3}},"loc":{"start":{"line":5,"column":16},"end":{"line":7,"column":3}},"line":5},"1":{"name":"(anonymous_1)","decl":{"start":{"line":9,"column":2},"end":{"line":9,"column":3}},"loc":{"start":{"line":9,"column":32},"end":{"line":11,"column":3}},"line":9},"2":{"name":"(anonymous_2)","decl":{"start":{"line":13,"column":2},"end":{"line":13,"column":3}},"loc":{"start":{"line":13,"column":23},"end":{"line":28,"column":3}},"line":13},"3":{"name":"(anonymous_3)","decl":{"start":{"line":19,"column":20},"end":{"line":19,"column":21}},"loc":{"start":{"line":19,"column":26},"end":{"line":22,"column":5}},"line":19}},"branchMap":{},"s":{"0":2,"1":1,"2":0,"3":0,"4":0,"5":0,"6":0},"f":{"0":2,"1":1,"2":0,"3":0},"b":{},"_coverageSchema":"1a1c01bbd47fc00a2c39e90264f33305004495a9","hash":"e0499d4f1c351855905a2a0899a6e0a6809e80fd"}
,"/spotify-radio/server/routes.js": {"path":"/spotify-radio/server/routes.js","statementMap":{"0":{"start":{"line":14,"column":4},"end":{"line":14,"column":10}},"1":{"start":{"line":16,"column":19},"end":{"line":16,"column":35}},"2":{"start":{"line":18,"column":24},"end":{"line":18,"column":31}},"3":{"start":{"line":20,"column":2},"end":{"line":26,"column":3}},"4":{"start":{"line":21,"column":4},"end":{"line":23,"column":7}},"5":{"start":{"line":25,"column":4},"end":{"line":25,"column":25}},"6":{"start":{"line":28,"column":2},"end":{"line":39,"column":3}},"7":{"start":{"line":31,"column":8},"end":{"line":31,"column":48}},"8":{"start":{"line":38,"column":4},"end":{"line":38,"column":33}},"9":{"start":{"line":41,"column":2},"end":{"line":52,"column":3}},"10":{"start":{"line":44,"column":8},"end":{"line":44,"column":54}},"11":{"start":{"line":51,"column":4},"end":{"line":51,"column":33}},"12":{"start":{"line":55,"column":2},"end":{"line":68,"column":3}},"13":{"start":{"line":59,"column":8},"end":{"line":59,"column":43}},"14":{"start":{"line":60,"column":24},"end":{"line":60,"column":42}},"15":{"start":{"line":61,"column":4},"end":{"line":65,"column":5}},"16":{"start":{"line":62,"column":6},"end":{"line":64,"column":9}},"17":{"start":{"line":67,"column":4},"end":{"line":67,"column":33}},"18":{"start":{"line":71,"column":2},"end":{"line":71,"column":25}},"19":{"start":{"line":72,"column":2},"end":{"line":72,"column":23}},"20":{"start":{"line":76,"column":2},"end":{"line":80,"column":3}},"21":{"start":{"line":77,"column":4},"end":{"line":77,"column":49}},"22":{"start":{"line":78,"column":4},"end":{"line":78,"column":27}},"23":{"start":{"line":79,"column":4},"end":{"line":79,"column":25}},"24":{"start":{"line":82,"column":2},"end":{"line":82,"column":52}},"25":{"start":{"line":83,"column":2},"end":{"line":83,"column":25}},"26":{"start":{"line":84,"column":2},"end":{"line":84,"column":23}},"27":{"start":{"line":89,"column":2},"end":{"line":90,"column":49}},"28":{"start":{"line":90,"column":20},"end":{"line":90,"column":48}}},"fnMap":{"0":{"name":"routes","decl":{"start":{"line":17,"column":15},"end":{"line":17,"column":21}},"loc":{"start":{"line":17,"column":41},"end":{"line":73,"column":1}},"line":17},"1":{"name":"handleError","decl":{"start":{"line":75,"column":9},"end":{"line":75,"column":20}},"loc":{"start":{"line":75,"column":38},"end":{"line":85,"column":1}},"line":75},"2":{"name":"handler","decl":{"start":{"line":87,"column":16},"end":{"line":87,"column":23}},"loc":{"start":{"line":87,"column":43},"end":{"line":91,"column":1}},"line":87},"3":{"name":"(anonymous_3)","decl":{"start":{"line":90,"column":11},"end":{"line":90,"column":12}},"loc":{"start":{"line":90,"column":20},"end":{"line":90,"column":48}},"line":90}},"branchMap":{"0":{"loc":{"start":{"line":20,"column":2},"end":{"line":26,"column":3}},"type":"if","locations":[{"start":{"line":20,"column":2},"end":{"line":26,"column":3}},{"start":{},"end":{}}],"line":20},"1":{"loc":{"start":{"line":20,"column":6},"end":{"line":20,"column":37}},"type":"binary-expr","locations":[{"start":{"line":20,"column":6},"end":{"line":20,"column":22}},{"start":{"line":20,"column":26},"end":{"line":20,"column":37}}],"line":20},"2":{"loc":{"start":{"line":28,"column":2},"end":{"line":39,"column":3}},"type":"if","locations":[{"start":{"line":28,"column":2},"end":{"line":39,"column":3}},{"start":{},"end":{}}],"line":28},"3":{"loc":{"start":{"line":28,"column":6},"end":{"line":28,"column":41}},"type":"binary-expr","locations":[{"start":{"line":28,"column":6},"end":{"line":28,"column":22}},{"start":{"line":28,"column":26},"end":{"line":28,"column":41}}],"line":28},"4":{"loc":{"start":{"line":41,"column":2},"end":{"line":52,"column":3}},"type":"if","locations":[{"start":{"line":41,"column":2},"end":{"line":52,"column":3}},{"start":{},"end":{}}],"line":41},"5":{"loc":{"start":{"line":41,"column":6},"end":{"line":41,"column":47}},"type":"binary-expr","locations":[{"start":{"line":41,"column":6},"end":{"line":41,"column":22}},{"start":{"line":41,"column":26},"end":{"line":41,"column":47}}],"line":41},"6":{"loc":{"start":{"line":55,"column":2},"end":{"line":68,"column":3}},"type":"if","locations":[{"start":{"line":55,"column":2},"end":{"line":68,"column":3}},{"start":{},"end":{}}],"line":55},"7":{"loc":{"start":{"line":61,"column":4},"end":{"line":65,"column":5}},"type":"if","locations":[{"start":{"line":61,"column":4},"end":{"line":65,"column":5}},{"start":{},"end":{}}],"line":61},"8":{"loc":{"start":{"line":76,"column":2},"end":{"line":80,"column":3}},"type":"if","locations":[{"start":{"line":76,"column":2},"end":{"line":80,"column":3}},{"start":{},"end":{}}],"line":76}},"s":{"0":1,"1":1,"2":8,"3":8,"4":1,"5":1,"6":7,"7":1,"8":1,"9":6,"10":1,"11":1,"12":5,"13":4,"14":2,"15":2,"16":1,"17":2,"18":1,"19":1,"20":2,"21":1,"22":1,"23":1,"24":1,"25":1,"26":1,"27":8,"28":2},"f":{"0":8,"1":2,"2":8,"3":2},"b":{"0":[1,7],"1":[8,7],"2":[1,6],"3":[7,6],"4":[1,5],"5":[6,5],"6":[4,1],"7":[1,1],"8":[1,1]},"_coverageSchema":"1a1c01bbd47fc00a2c39e90264f33305004495a9","hash":"4f398bd967f7d3c18add9d4b141f442d5d95d60c"}
,"/spotify-radio/server/service.js": {"path":"/spotify-radio/server/service.js","statementMap":{"0":{"start":{"line":13,"column":4},"end":{"line":13,"column":10}},"1":{"start":{"line":17,"column":4},"end":{"line":17,"column":34}},"2":{"start":{"line":21,"column":15},"end":{"line":21,"column":27}},"3":{"start":{"line":22,"column":25},"end":{"line":22,"column":42}},"4":{"start":{"line":23,"column":4},"end":{"line":23,"column":44}},"5":{"start":{"line":25,"column":4},"end":{"line":28,"column":5}},"6":{"start":{"line":32,"column":4},"end":{"line":32,"column":33}},"7":{"start":{"line":36,"column":4},"end":{"line":36,"column":40}},"8":{"start":{"line":41,"column":25},"end":{"line":41,"column":52}},"9":{"start":{"line":43,"column":4},"end":{"line":43,"column":41}},"10":{"start":{"line":44,"column":21},"end":{"line":44,"column":42}},"11":{"start":{"line":45,"column":4},"end":{"line":48,"column":6}},"12":{"start":{"line":55,"column":8},"end":{"line":55,"column":36}},"13":{"start":{"line":56,"column":4},"end":{"line":59,"column":6}}},"fnMap":{"0":{"name":"(anonymous_0)","decl":{"start":{"line":16,"column":2},"end":{"line":16,"column":3}},"loc":{"start":{"line":16,"column":16},"end":{"line":18,"column":3}},"line":16},"1":{"name":"(anonymous_1)","decl":{"start":{"line":20,"column":2},"end":{"line":20,"column":3}},"loc":{"start":{"line":20,"column":22},"end":{"line":29,"column":3}},"line":20},"2":{"name":"(anonymous_2)","decl":{"start":{"line":31,"column":2},"end":{"line":31,"column":3}},"loc":{"start":{"line":31,"column":24},"end":{"line":33,"column":3}},"line":31},"3":{"name":"(anonymous_3)","decl":{"start":{"line":35,"column":2},"end":{"line":35,"column":3}},"loc":{"start":{"line":35,"column":29},"end":{"line":37,"column":3}},"line":35},"4":{"name":"(anonymous_4)","decl":{"start":{"line":39,"column":2},"end":{"line":39,"column":3}},"loc":{"start":{"line":39,"column":26},"end":{"line":49,"column":3}},"line":39},"5":{"name":"(anonymous_5)","decl":{"start":{"line":51,"column":2},"end":{"line":51,"column":3}},"loc":{"start":{"line":51,"column":28},"end":{"line":60,"column":3}},"line":51}},"branchMap":{},"s":{"0":3,"1":5,"2":0,"3":0,"4":0,"5":0,"6":0,"7":1,"8":1,"9":1,"10":1,"11":1,"12":1,"13":1},"f":{"0":5,"1":0,"2":0,"3":1,"4":1,"5":1},"b":{},"_coverageSchema":"1a1c01bbd47fc00a2c39e90264f33305004495a9","hash":"f768270e8d0e69afa472005f3a1bcdbb8308da16"}
,"/spotify-radio/server/util.js": {"path":"/spotify-radio/server/util.js","statementMap":{"0":{"start":{"line":3,"column":12},"end":{"line":11,"column":2}},"1":{"start":{"line":13,"column":22},"end":{"line":13,"column":25}}},"fnMap":{},"branchMap":{},"s":{"0":2,"1":2},"f":{},"b":{},"_coverageSchema":"1a1c01bbd47fc00a2c39e90264f33305004495a9","hash":"8046f063b8b4a8f1672901a70cfb329eeaacd776"}
}
