TN:
SF:server/config.js
FNF:0
FNH:0
DA:3,3
DA:4,3
DA:6,3
DA:7,3
DA:8,3
LF:5
LH:5
BRDA:11,0,0,3
BRDA:11,0,1,0
BRF:2
BRH:1
end_of_record
TN:
SF:server/controller.js
FN:5,(anonymous_0)
FN:9,(anonymous_1)
FN:13,(anonymous_2)
FN:19,(anonymous_3)
FNF:4
FNH:2
FNDA:2,(anonymous_0)
FNDA:1,(anonymous_1)
FNDA:0,(anonymous_2)
FNDA:0,(anonymous_3)
DA:6,2
DA:10,1
DA:17,0
DA:19,0
DA:20,0
DA:21,0
DA:24,0
LF:7
LH:2
BRF:0
BRH:0
end_of_record
TN:
SF:server/routes.js
FN:17,routes
FN:75,handleError
FN:87,handler
FN:90,(anonymous_3)
FNF:4
FNH:4
FNDA:8,routes
FNDA:2,handleError
FNDA:8,handler
FNDA:2,(anonymous_3)
DA:14,1
DA:16,1
DA:18,8
DA:20,8
DA:21,1
DA:25,1
DA:28,7
DA:31,1
DA:38,1
DA:41,6
DA:44,1
DA:51,1
DA:55,5
DA:59,4
DA:60,2
DA:61,2
DA:62,1
DA:67,2
DA:71,1
DA:72,1
DA:76,2
DA:77,1
DA:78,1
DA:79,1
DA:82,1
DA:83,1
DA:84,1
DA:89,8
DA:90,2
LF:29
LH:29
BRDA:20,0,0,1
BRDA:20,0,1,7
BRDA:20,1,0,8
BRDA:20,1,1,7
BRDA:28,2,0,1
BRDA:28,2,1,6
BRDA:28,3,0,7
BRDA:28,3,1,6
BRDA:41,4,0,1
BRDA:41,4,1,5
BRDA:41,5,0,6
BRDA:41,5,1,5
BRDA:55,6,0,4
BRDA:55,6,1,1
BRDA:61,7,0,1
BRDA:61,7,1,1
BRDA:76,8,0,1
BRDA:76,8,1,1
BRF:18
BRH:18
end_of_record
TN:
SF:server/service.js
FN:16,(anonymous_0)
FN:20,(anonymous_1)
FN:31,(anonymous_2)
FN:35,(anonymous_3)
FN:39,(anonymous_4)
FN:51,(anonymous_5)
FNF:6
FNH:4
FNDA:5,(anonymous_0)
FNDA:0,(anonymous_1)
FNDA:0,(anonymous_2)
FNDA:1,(anonymous_3)
FNDA:1,(anonymous_4)
FNDA:1,(anonymous_5)
DA:13,3
DA:17,5
DA:21,0
DA:22,0
DA:23,0
DA:25,0
DA:32,0
DA:36,1
DA:41,1
DA:43,1
DA:44,1
DA:45,1
DA:55,1
DA:56,1
LF:14
LH:9
BRF:0
BRH:0
end_of_record
TN:
SF:server/util.js
FNF:0
FNH:0
DA:3,2
DA:13,2
LF:2
LH:2
BRF:0
BRH:0
end_of_record
